Thu Feb  7 17:44:14 2002 :: Godwars is ready to rock on port 5666.
Thu Feb  7 17:44:17 2002 :: [*****] BUG: online.html: fopen
online.html: No such file or directory
Thu Feb  7 17:44:20 2002 :: Borlak trying to connect from 127.0.0.1
Thu Feb  7 17:44:21 2002 :: Borlak@127.0.0.1 has connected.
Thu Feb  7 17:44:22 2002 :: [*****] BUG: online.html: fopen
online.html: No such file or directory
Warning: time of day goes back, taking countermeasures.
Warning: time of day goes back, taking countermeasures.
Thu Feb  7 17:44:27 2002 :: [*****] BUG: online.html: fopen
online.html: No such file or directory
Warning: time of day goes back, taking countermeasures.
Thu Feb  7 17:44:32 2002 :: [*****] BUG: online.html: fopen
online.html: No such file or directory
Warning: time of day goes back, taking countermeasures.
Thu Feb  7 17:44:37 2002 :: [*****] BUG: online.html: fopen
online.html: No such file or directory
Warning: time of day goes back, taking countermeasures.
Thu Feb  7 17:44:42 2002 :: [*****] BUG: online.html: fopen
online.html: No such file or directory
Warning: time of day goes back, taking countermeasures.
Thu Feb  7 17:44:45 2002 :: Closing link to Borlak.
Thu Feb  7 17:44:45 2002 :: Borlak has quit.
Thu Feb  7 17:44:47 2002 :: [*****] BUG: online.html: fopen
online.html: No such file or directory
Thu Feb  7 17:44:52 2002 :: [*****] BUG: online.html: fopen
online.html: No such file or directory
Thu Feb  7 17:44:58 2002 :: [*****] BUG: online.html: fopen
online.html: No such file or directory
Thu Feb  7 17:45:03 2002 :: [*****] BUG: online.html: fopen
online.html: No such file or directory
Thu Feb  7 17:45:08 2002 :: [*****] BUG: online.html: fopen
online.html: No such file or directory
Thu Feb  7 17:45:13 2002 :: [*****] BUG: online.html: fopen
online.html: No such file or directory
Thu Feb  7 17:45:18 2002 :: [*****] BUG: online.html: fopen
online.html: No such file or directory
Thu Feb  7 17:45:23 2002 :: [*****] BUG: online.html: fopen
online.html: No such file or directory
Thu Feb  7 17:45:28 2002 :: [*****] BUG: online.html: fopen
online.html: No such file or directory
Thu Feb  7 17:45:33 2002 :: [*****] BUG: online.html: fopen
online.html: No such file or directory
Thu Feb  7 17:45:38 2002 :: [*****] BUG: online.html: fopen
online.html: No such file or directory
Thu Feb  7 17:45:43 2002 :: [*****] BUG: online.html: fopen
online.html: No such file or directory
Thu Feb  7 17:45:49 2002 :: [*****] BUG: online.html: fopen
online.html: No such file or directory
