abode.are
air.are
ansigreet.are
arena.are
arkyn.are
ashfor.are
atlantis.are
canyon.are
chapel.are
chess2.are
ciquala2.are
classhelp.are
dara.are
daycare.are
divsouls.are
doom.are
draconia.are
dragon2.are
dream.are
drow.are
dylan.are
firenewt.are
forge.are
galaxy.are
gnome.are
god.are
grove.are
help.are
hitower.are
hood.are
juargan.are
kavir.are
labyrinth.are
limbo.are
mahntor.are
midgaard.are
midennir.are
mega1.are
marsh.are
moria.are
mobfact.are
newbie2.are
nimbus2.are
ofcol2.are
olympus.are
plains.are
pyramid.are
quest.are
relic.are
redlight.are
shire.are
smurf.are
start.are
school.are
sewer.are
thalos.are
trollden.are
ultima.are
under.are
Vallanda.are
valley.are
weed.are
wyvern.are
mirror.are
ofcol.are
haon.are
arachnos.are
grave.are
catacomb.are
redferne.are
eastern.are
dwarven.are
tournament.are
president.are
hellfire.are
inferno.are
valdur.are
spacestation.are
seirof.are
caern.are
firetop.are
lycaria.are
hollywd.are
hell.are
baldursgate.are
$
